<?xml version="1.0" encoding="UTF-8"?>
<!-- Generated by org.testng.reporters.JUnitXMLReporter -->
<testsuite ignored="1" hostname="A5364L" failures="0" tests="2" name="Default test(failed)" time="20.431" errors="0" timestamp="2023-05-26T13:02:02 IST">
  <testcase classname="lightstorm.polarin.testCases.UserProfileTestCase" name="verify_that_name_and_phone_number_are_updated_in_profile_page" time="2.875"/>
  <testcase classname="lightstorm.polarin.testCases.UserProfileTestCase" name="verify_that_password_is_updated_in_Security_section_of_user_profile_page" time="2.135"/>
  <testcase classname="lightstorm.polarin.testCases.UserProfileTestCase" name="verify_that_profile_picture_is_uploaded_successfully" time="0.0">
    <ignored/>
  </testcase> <!-- verify_that_profile_picture_is_uploaded_successfully -->
</testsuite> <!-- Default test(failed) -->
