<?xml version="1.0" encoding="UTF-8"?>
<!-- Generated by org.testng.reporters.JUnitXMLReporter -->
<testsuite ignored="0" hostname="A5364L" failures="0" tests="3" name="Test" time="13.138" errors="0" timestamp="2023-06-30T13:13:30 IST">
  <testcase classname="lightstorm.polarin.testCases.PolarinLoginTest" name="verify_Blank_login_Details" time="0.789"/>
  <testcase classname="lightstorm.polarin.testCases.PolarinLoginTest" name="verify_Invalid_Login_Details" time="3.209"/>
  <testcase classname="lightstorm.polarin.testCases.PolarinLoginTest" name="verify_valid_Login_details" time="0.834"/>
</testsuite> <!-- Test -->
