<?xml version="1.0" encoding="UTF-8"?>
<!-- Generated by org.testng.reporters.JUnitXMLReporter -->
<testsuite ignored="0" hostname="DESKTOP-320GMBB" failures="0" tests="3" name="polarin_test" time="12.849" errors="0" timestamp="2023-07-19T13:19:10 IST">
  <testcase classname="lightstorm.polarin.testCases.PolarinLoginTest" name="verify_Blank_login_Details" time="0.871"/>
  <testcase classname="lightstorm.polarin.testCases.PolarinLoginTest" name="verify_Invalid_Login_Details" time="3.701"/>
  <testcase classname="lightstorm.polarin.testCases.PolarinLoginTest" name="verify_valid_Login_details" time="0.888"/>
</testsuite> <!-- polarin_test -->
