<?xml version="1.0" encoding="UTF-8"?>
<!-- Generated by org.testng.reporters.JUnitXMLReporter -->
<testsuite ignored="0" hostname="A5364L" failures="0" tests="3" name="Command line test" time="12.821" errors="0" timestamp="2023-06-30T16:16:49 IST">
  <testcase classname="lightstorm.polarin.testCases.PolarinLoginTest" name="verify_Blank_login_Details" time="0.557"/>
  <testcase classname="lightstorm.polarin.testCases.PolarinLoginTest" name="verify_Invalid_Login_Details" time="2.659"/>
  <testcase classname="lightstorm.polarin.testCases.PolarinLoginTest" name="verify_valid_Login_details" time="0.681"/>
</testsuite> <!-- Command line test -->
