<?xml version="1.0" encoding="UTF-8"?>
<!-- Generated by org.testng.reporters.JUnitXMLReporter -->
<testsuite ignored="0" hostname="DESKTOP-320GMBB" failures="0" tests="3" name="polarin_test" time="15.933" errors="0" timestamp="2023-07-19T12:00:14 IST">
  <testcase classname="lightstorm.polarin.testCases.PolarinLoginTest" name="verify_Blank_login_Details" time="0.931"/>
  <testcase classname="lightstorm.polarin.testCases.PolarinLoginTest" name="verify_Invalid_Login_Details" time="3.789"/>
  <testcase classname="lightstorm.polarin.testCases.PolarinLoginTest" name="verify_valid_Login_details" time="0.857"/>
</testsuite> <!-- polarin_test -->
